-encoding
UTF-8
-outxml
-source
1.6
-target
1.6
-classpath
C:\Users\maro\.m2\repository\aopalliance\aopalliance\1.0\aopalliance-1.0.jar;C:\Users\maro\.m2\repository\commons-beanutils\commons-beanutils\1.8.3\commons-beanutils-1.8.3.jar;C:\Users\maro\.m2\repository\commons-codec\commons-codec\1.5\commons-codec-1.5.jar;C:\Users\maro\.m2\repository\commons-digester\commons-digester\2.1\commons-digester-2.1.jar;C:\Users\maro\.m2\repository\commons-fileupload\commons-fileupload\1.2.2\commons-fileupload-1.2.2.jar;C:\Users\maro\.m2\repository\commons-io\commons-io\2.1\commons-io-2.1.jar;C:\Users\maro\.m2\repository\javax\el\el-api\2.2\el-api-2.2.jar;C:\Users\maro\.m2\repository\javax\persistence\persistence-api\1.0\persistence-api-1.0.jar;C:\Users\maro\.m2\repository\javax\servlet\servlet-api\2.5\servlet-api-2.5.jar;C:\Users\maro\.m2\repository\javax\servlet\jsp\jsp-api\2.1\jsp-api-2.1.jar;C:\Users\maro\.m2\repository\javax\servlet\jsp\jstl\jstl-api\1.2\jstl-api-1.2.jar;C:\Users\maro\.m2\repository\javax\validation\validation-api\1.0.0.GA\validation-api-1.0.0.GA.jar;C:\Users\maro\.m2\repository\joda-time\joda-time\1.6\joda-time-1.6.jar;C:\Users\maro\.m2\repository\log4j\log4j\1.2.16\log4j-1.2.16.jar;C:\Users\maro\.m2\repository\net\sf\flexjson\flexjson\2.1\flexjson-2.1.jar;C:\Users\maro\.m2\repository\org\apache\commons\commons-lang3\3.1\commons-lang3-3.1.jar;C:\Users\maro\.m2\repository\org\apache\tiles\tiles-api\2.2.2\tiles-api-2.2.2.jar;C:\Users\maro\.m2\repository\org\apache\tiles\tiles-core\2.2.2\tiles-core-2.2.2.jar;C:\Users\maro\.m2\repository\org\apache\tiles\tiles-jsp\2.2.2\tiles-jsp-2.2.2.jar;C:\Users\maro\.m2\repository\org\apache\tiles\tiles-servlet\2.2.2\tiles-servlet-2.2.2.jar;C:\Users\maro\.m2\repository\org\apache\tiles\tiles-template\2.2.2\tiles-template-2.2.2.jar;C:\Users\maro\.m2\repository\org\aspectj\aspectjrt\1.7.0\aspectjrt-1.7.0.jar;C:\Users\maro\.m2\repository\org\aspectj\aspectjweaver\1.7.0\aspectjweaver-1.7.0.jar;C:\Users\maro\.m2\repository\org\cloudfoundry\cloudfoundry-runtime\0.8.0\cloudfoundry-runtime-0.8.0.jar;C:\Users\maro\.m2\repository\org\glassfish\web\jstl-impl\1.2\jstl-impl-1.2.jar;C:\Users\maro\.m2\repository\org\hibernate\hibernate-validator\4.2.0.Final\hibernate-validator-4.2.0.Final.jar;C:\Users\maro\.m2\repository\org\mongodb\mongo-java-driver\2.6.5\mongo-java-driver-2.6.5.jar;C:\Users\maro\.m2\repository\org\slf4j\jcl-over-slf4j\1.7.2\jcl-over-slf4j-1.7.2.jar;C:\Users\maro\.m2\repository\org\slf4j\slf4j-api\1.7.2\slf4j-api-1.7.2.jar;C:\Users\maro\.m2\repository\org\slf4j\slf4j-log4j12\1.7.2\slf4j-log4j12-1.7.2.jar;C:\Users\maro\.m2\repository\org\springframework\spring-aop\3.2.0.RELEASE\spring-aop-3.2.0.RELEASE.jar;C:\Users\maro\.m2\repository\org\springframework\spring-aspects\3.2.0.RELEASE\spring-aspects-3.2.0.RELEASE.jar;C:\Users\maro\.m2\repository\org\springframework\spring-beans\3.2.0.RELEASE\spring-beans-3.2.0.RELEASE.jar;C:\Users\maro\.m2\repository\org\springframework\spring-context\3.2.0.RELEASE\spring-context-3.2.0.RELEASE.jar;C:\Users\maro\.m2\repository\org\springframework\spring-context-support\3.2.0.RELEASE\spring-context-support-3.2.0.RELEASE.jar;C:\Users\maro\.m2\repository\org\springframework\spring-core\3.2.0.RELEASE\spring-core-3.2.0.RELEASE.jar;C:\Users\maro\.m2\repository\org\springframework\spring-expression\3.2.0.RELEASE\spring-expression-3.2.0.RELEASE.jar;C:\Users\maro\.m2\repository\org\springframework\spring-jdbc\3.0.6.RELEASE\spring-jdbc-3.0.6.RELEASE.jar;C:\Users\maro\.m2\repository\org\springframework\spring-tx\3.0.6.RELEASE\spring-tx-3.0.6.RELEASE.jar;C:\Users\maro\.m2\repository\org\springframework\spring-web\3.2.0.RELEASE\spring-web-3.2.0.RELEASE.jar;C:\Users\maro\.m2\repository\org\springframework\spring-webmvc\3.2.0.RELEASE\spring-webmvc-3.2.0.RELEASE.jar;C:\Users\maro\.m2\repository\org\springframework\data\spring-data-commons-core\1.2.0.M2\spring-data-commons-core-1.2.0.M2.jar;C:\Users\maro\.m2\repository\org\springframework\data\spring-data-mongodb\1.0.0.M5\spring-data-mongodb-1.0.0.M5.jar;C:\Users\maro\.m2\repository\org\springframework\roo\org.springframework.roo.annotations\1.2.3.RELEASE\org.springframework.roo.annotations-1.2.3.RELEASE.jar;C:\Users\maro\.m2\repository\org\springframework\security\spring-security-acl\3.1.0.RELEASE\spring-security-acl-3.1.0.RELEASE.jar;C:\Users\maro\.m2\repository\org\springframework\security\spring-security-config\3.1.0.RELEASE\spring-security-config-3.1.0.RELEASE.jar;C:\Users\maro\.m2\repository\org\springframework\security\spring-security-core\3.1.0.RELEASE\spring-security-core-3.1.0.RELEASE.jar;C:\Users\maro\.m2\repository\org\springframework\security\spring-security-crypto\3.1.0.RELEASE\spring-security-crypto-3.1.0.RELEASE.jar;C:\Users\maro\.m2\repository\org\springframework\security\spring-security-taglibs\3.1.0.RELEASE\spring-security-taglibs-3.1.0.RELEASE.jar;C:\Users\maro\.m2\repository\org\springframework\security\spring-security-web\3.1.0.RELEASE\spring-security-web-3.1.0.RELEASE.jar;C:\Users\maro\.m2\repository\org\springframework\webflow\spring-js-resources\2.2.1.RELEASE\spring-js-resources-2.2.1.RELEASE.jar;C:\spring06\spring06\target\classes
-aspectpath
C:\Users\maro\.m2\repository\org\springframework\spring-aspects\3.2.0.RELEASE\spring-aspects-3.2.0.RELEASE.jar
-d
C:\spring06\spring06\target\classes
C:\spring06\spring06\src\main\java\com\xebia\wartelist\repository\TimeSlotRepository_Roo_Mongo_Repository.aj
C:\spring06\spring06\src\main\java\com\xebia\wartelist\domain\OperationType_Roo_Mongo_Entity.aj
C:\spring06\spring06\src\main\java\com\xebia\wartelist\domain\OperationType.java
C:\spring06\spring06\src\main\java\com\xebia\wartelist\service\OperationServiceImpl_Roo_Service.aj
C:\spring06\spring06\src\main\java\com\xebia\wartelist\web\DoctorController_Roo_Controller.aj
C:\spring06\spring06\src\main\java\com\xebia\wartelist\service\PatientServiceImpl.java
C:\spring06\spring06\src\main\java\com\xebia\wartelist\domain\Hospital_Roo_Mongo_Entity.aj
C:\spring06\spring06\src\main\java\com\xebia\wartelist\repository\OperationTypeRepository.java
C:\spring06\spring06\src\main\java\com\xebia\wartelist\service\UserServiceImpl.java
C:\spring06\spring06\src\main\java\com\xebia\wartelist\service\OperationTypeServiceImpl_Roo_Service.aj
C:\spring06\spring06\src\main\java\com\xebia\wartelist\web\TimeSlotController_Roo_Controller_Json.aj
C:\spring06\spring06\src\main\java\com\xebia\wartelist\service\HospitalEmployeeServiceImpl.java
C:\spring06\spring06\src\main\java\com\xebia\wartelist\domain\Doctor_Roo_Mongo_Entity.aj
C:\spring06\spring06\src\main\java\com\xebia\wartelist\service\DoctorServiceImpl.java
C:\spring06\spring06\src\main\java\com\xebia\wartelist\web\HospitalController.java
C:\spring06\spring06\src\main\java\com\xebia\wartelist\service\NotificationService.java
C:\spring06\spring06\src\main\java\com\xebia\wartelist\domain\Notification_Roo_Mongo_Entity.aj
C:\spring06\spring06\src\main\java\com\xebia\wartelist\web\HospitalController_Roo_Controller_Json.aj
C:\spring06\spring06\src\main\java\com\xebia\wartelist\service\DoctorService_Roo_Service.aj
C:\spring06\spring06\src\main\java\com\xebia\wartelist\web\UserController_Roo_Controller.aj
C:\spring06\spring06\src\main\java\com\xebia\wartelist\domain\HospitalEmployee_Roo_ToString.aj
C:\spring06\spring06\src\main\java\com\xebia\wartelist\service\HospitalEmployeeService.java
C:\spring06\spring06\src\main\java\com\xebia\wartelist\repository\PatientRepository.java
C:\spring06\spring06\src\main\java\com\xebia\wartelist\web\NotificationController_Roo_Controller.aj
C:\spring06\spring06\src\main\java\com\xebia\wartelist\repository\TimeSlotRepository.java
C:\spring06\spring06\src\main\java\com\xebia\wartelist\web\HospitalEmployeeController_Roo_Controller.aj
C:\spring06\spring06\src\main\java\com\xebia\wartelist\web\UserController_Roo_Controller_Json.aj
C:\spring06\spring06\src\main\java\com\xebia\wartelist\repository\HospitalEmployeeRepository.java
C:\spring06\spring06\src\main\java\com\xebia\wartelist\service\DoctorServiceImpl_Roo_Service.aj
C:\spring06\spring06\src\main\java\com\xebia\wartelist\domain\HospitalEmployee.java
C:\spring06\spring06\src\main\java\com\xebia\wartelist\service\OperationTypeService_Roo_Service.aj
C:\spring06\spring06\src\main\java\com\xebia\wartelist\service\TimeSlotService_Roo_Service.aj
C:\spring06\spring06\src\main\java\com\xebia\wartelist\service\PatientServiceImpl_Roo_Service.aj
C:\spring06\spring06\src\main\java\com\xebia\wartelist\repository\UserRepository.java
C:\spring06\spring06\src\main\java\com\xebia\wartelist\service\OperationTypeServiceImpl.java
C:\spring06\spring06\src\main\java\com\xebia\wartelist\service\DoctorService.java
C:\spring06\spring06\src\main\java\com\xebia\wartelist\domain\Operation_Roo_ToString.aj
C:\spring06\spring06\src\main\java\com\xebia\wartelist\domain\Operation.java
C:\spring06\spring06\src\main\java\com\xebia\wartelist\web\ApplicationConversionServiceFactoryBean_Roo_ConversionService.aj
C:\spring06\spring06\src\main\java\com\xebia\wartelist\domain\Doctor_Roo_ToString.aj
C:\spring06\spring06\src\main\java\com\xebia\wartelist\domain\User_Roo_ToString.aj
C:\spring06\spring06\src\main\java\com\xebia\wartelist\domain\User_Roo_Json.aj
C:\spring06\spring06\src\main\java\com\xebia\wartelist\domain\Operation_Roo_JavaBean.aj
C:\spring06\spring06\src\main\java\com\xebia\wartelist\repository\DoctorRepository_Roo_Mongo_Repository.aj
C:\spring06\spring06\src\main\java\com\xebia\wartelist\domain\OperationType_Roo_JavaBean.aj
C:\spring06\spring06\src\main\java\com\xebia\wartelist\domain\TimeSlot_Roo_Json.aj
C:\spring06\spring06\src\main\java\com\xebia\wartelist\web\HospitalEmployeeController_Roo_Controller_Json.aj
C:\spring06\spring06\src\main\java\com\xebia\wartelist\web\HospitalController_Roo_Controller.aj
C:\spring06\spring06\src\main\java\com\xebia\wartelist\service\TimeSlotServiceImpl.java
C:\spring06\spring06\src\main\java\com\xebia\wartelist\web\DoctorController.java
C:\spring06\spring06\src\main\java\com\xebia\wartelist\service\OperationService.java
C:\spring06\spring06\src\main\java\com\xebia\wartelist\service\NotificationServiceImpl.java
C:\spring06\spring06\src\main\java\com\xebia\wartelist\service\HospitalServiceImpl.java
C:\spring06\spring06\src\main\java\com\xebia\wartelist\repository\UserRepository_Roo_Mongo_Repository.aj
C:\spring06\spring06\src\main\java\com\xebia\wartelist\domain\TimeSlot_Roo_ToString.aj
C:\spring06\spring06\src\main\java\com\xebia\wartelist\web\TimeSlotController_Roo_Controller.aj
C:\spring06\spring06\src\main\java\com\xebia\wartelist\domain\TimeSlot.java
C:\spring06\spring06\src\main\java\com\xebia\wartelist\domain\Hospital_Roo_ToString.aj
C:\spring06\spring06\src\main\java\com\xebia\wartelist\domain\Doctor_Roo_Json.aj
C:\spring06\spring06\src\main\java\com\xebia\wartelist\web\OperationController_Roo_Controller_Json.aj
C:\spring06\spring06\src\main\java\com\xebia\wartelist\web\NotificationController_Roo_Controller_Json.aj
C:\spring06\spring06\src\main\java\com\xebia\wartelist\service\UserService_Roo_Service.aj
C:\spring06\spring06\src\main\java\com\xebia\wartelist\domain\HospitalEmployee_Roo_Json.aj
C:\spring06\spring06\src\main\java\com\xebia\wartelist\repository\DoctorRepository.java
C:\spring06\spring06\src\main\java\com\xebia\wartelist\web\OperationTypeController.java
C:\spring06\spring06\src\main\java\com\xebia\wartelist\repository\OperationRepository.java
C:\spring06\spring06\src\main\java\com\xebia\wartelist\domain\HospitalEmployee_Roo_Mongo_Entity.aj
C:\spring06\spring06\src\main\java\com\xebia\wartelist\web\NotificationController.java
C:\spring06\spring06\src\main\java\com\xebia\wartelist\web\ApplicationConversionServiceFactoryBean.java
C:\spring06\spring06\src\main\java\com\xebia\wartelist\web\PatientController_Roo_Controller_Json.aj
C:\spring06\spring06\src\main\java\com\xebia\wartelist\domain\Doctor_Roo_JavaBean.aj
C:\spring06\spring06\src\main\java\com\xebia\wartelist\domain\Doctor.java
C:\spring06\spring06\src\main\java\com\xebia\wartelist\domain\HospitalEmployee_Roo_JavaBean.aj
C:\spring06\spring06\src\main\java\com\xebia\wartelist\domain\Hospital_Roo_Json.aj
C:\spring06\spring06\src\main\java\com\xebia\wartelist\web\OperationTypeController_Roo_Controller_Json.aj
C:\spring06\spring06\src\main\java\com\xebia\wartelist\service\HospitalEmployeeService_Roo_Service.aj
C:\spring06\spring06\src\main\java\com\xebia\wartelist\domain\Patient_Roo_Json.aj
C:\spring06\spring06\src\main\java\com\xebia\wartelist\web\HospitalEmployeeController.java
C:\spring06\spring06\src\main\java\com\xebia\wartelist\domain\TimeSlot_Roo_JavaBean.aj
C:\spring06\spring06\src\main\java\com\xebia\wartelist\service\TimeSlotServiceImpl_Roo_Service.aj
C:\spring06\spring06\src\main\java\com\xebia\wartelist\domain\Patient_Roo_ToString.aj
C:\spring06\spring06\src\main\java\com\xebia\wartelist\repository\PatientRepository_Roo_Mongo_Repository.aj
C:\spring06\spring06\src\main\java\com\xebia\wartelist\service\PatientService.java
C:\spring06\spring06\src\main\java\com\xebia\wartelist\domain\TimeSlot_Roo_Mongo_Entity.aj
C:\spring06\spring06\src\main\java\com\xebia\wartelist\service\UserService.java
C:\spring06\spring06\src\main\java\com\xebia\wartelist\domain\Operation_Roo_Json.aj
C:\spring06\spring06\src\main\java\com\xebia\wartelist\domain\Hospital_Roo_JavaBean.aj
C:\spring06\spring06\src\main\java\com\xebia\wartelist\domain\User_Roo_JavaBean.aj
C:\spring06\spring06\src\main\java\com\xebia\wartelist\domain\Hospital.java
C:\spring06\spring06\src\main\java\com\xebia\wartelist\web\DoctorController_Roo_Controller_Json.aj
C:\spring06\spring06\src\main\java\com\xebia\wartelist\service\UserServiceImpl_Roo_Service.aj
C:\spring06\spring06\src\main\java\com\xebia\wartelist\service\HospitalService_Roo_Service.aj
C:\spring06\spring06\src\main\java\com\xebia\wartelist\domain\Notification_Roo_Json.aj
C:\spring06\spring06\src\main\java\com\xebia\wartelist\domain\Notification_Roo_ToString.aj
C:\spring06\spring06\src\main\java\com\xebia\wartelist\web\UserController.java
C:\spring06\spring06\src\main\java\com\xebia\wartelist\service\NotificationService_Roo_Service.aj
C:\spring06\spring06\src\main\java\com\xebia\wartelist\service\OperationService_Roo_Service.aj
C:\spring06\spring06\src\main\java\com\xebia\wartelist\domain\Patient_Roo_JavaBean.aj
C:\spring06\spring06\src\main\java\com\xebia\wartelist\repository\HospitalRepository_Roo_Mongo_Repository.aj
C:\spring06\spring06\src\main\java\com\xebia\wartelist\web\PatientController.java
C:\spring06\spring06\src\main\java\com\xebia\wartelist\web\OperationController.java
C:\spring06\spring06\src\main\java\com\xebia\wartelist\domain\User.java
C:\spring06\spring06\src\main\java\com\xebia\wartelist\service\PatientService_Roo_Service.aj
C:\spring06\spring06\src\main\java\com\xebia\wartelist\repository\NotificationRepository_Roo_Mongo_Repository.aj
C:\spring06\spring06\src\main\java\com\xebia\wartelist\repository\OperationRepository_Roo_Mongo_Repository.aj
C:\spring06\spring06\src\main\java\com\xebia\wartelist\domain\Operation_Roo_Mongo_Entity.aj
C:\spring06\spring06\src\main\java\com\xebia\wartelist\service\HospitalService.java
C:\spring06\spring06\src\main\java\com\xebia\wartelist\repository\OperationTypeRepository_Roo_Mongo_Repository.aj
C:\spring06\spring06\src\main\java\com\xebia\wartelist\domain\Notification_Roo_JavaBean.aj
C:\spring06\spring06\src\main\java\com\xebia\wartelist\domain\Patient_Roo_Mongo_Entity.aj
C:\spring06\spring06\src\main\java\com\xebia\wartelist\service\TimeSlotService.java
C:\spring06\spring06\src\main\java\com\xebia\wartelist\domain\Notification.java
C:\spring06\spring06\src\main\java\com\xebia\wartelist\domain\OperationType_Roo_Json.aj
C:\spring06\spring06\src\main\java\com\xebia\wartelist\web\OperationController_Roo_Controller.aj
C:\spring06\spring06\src\main\java\com\xebia\wartelist\service\HospitalServiceImpl_Roo_Service.aj
C:\spring06\spring06\src\main\java\com\xebia\wartelist\service\HospitalEmployeeServiceImpl_Roo_Service.aj
C:\spring06\spring06\src\main\java\com\xebia\wartelist\web\OperationTypeController_Roo_Controller.aj
C:\spring06\spring06\src\main\java\com\xebia\wartelist\domain\OperationType_Roo_ToString.aj
C:\spring06\spring06\src\main\java\com\xebia\wartelist\service\OperationServiceImpl.java
C:\spring06\spring06\src\main\java\com\xebia\wartelist\domain\Patient.java
C:\spring06\spring06\src\main\java\com\xebia\wartelist\web\TimeSlotController.java
C:\spring06\spring06\src\main\java\com\xebia\wartelist\service\OperationTypeService.java
C:\spring06\spring06\src\main\java\com\xebia\wartelist\repository\NotificationRepository.java
C:\spring06\spring06\src\main\java\com\xebia\wartelist\web\PatientController_Roo_Controller.aj
C:\spring06\spring06\src\main\java\com\xebia\wartelist\service\NotificationServiceImpl_Roo_Service.aj
C:\spring06\spring06\src\main\java\com\xebia\wartelist\repository\HospitalRepository.java
C:\spring06\spring06\src\main\java\com\xebia\wartelist\repository\HospitalEmployeeRepository_Roo_Mongo_Repository.aj
C:\spring06\spring06\src\main\java\com\xebia\wartelist\domain\User_Roo_Mongo_Entity.aj
